INFO 2024-07-16 18:00:00,088 tasks ==========chama/tasks.py: log_date_time()==========
INFO 2024-07-16 18:00:00,089 tasks Task ran at: 2024-07-16 18:00:00.089304
INFO 2024-07-16 18:00:00,090 tasks Date: 2024-07-16
INFO 2024-07-16 18:00:00,090 tasks Time: 18:00:00.090573
INFO 2024-07-16 18:00:00,090 tasks Nairobi: 2024-07-16 18:00:00.090760+03:00
INFO 2024-07-16 20:00:00,065 tasks ==========chama/tasks.py: log_date_time()==========
INFO 2024-07-16 20:00:00,067 tasks Task ran at: 2024-07-16 20:00:00.066967
INFO 2024-07-16 20:00:00,067 tasks Date: 2024-07-16
INFO 2024-07-16 20:00:00,068 tasks Time: 20:00:00.068154
INFO 2024-07-16 20:00:00,068 tasks Nairobi: 2024-07-16 20:00:00.068637+03:00
INFO 2024-07-18 12:24:44,286 tasks ==========chama/tasks.py: log_date_time()==========
INFO 2024-07-18 12:24:44,286 tasks Task ran at: 2024-07-18 12:24:44.286887
INFO 2024-07-18 12:24:44,287 tasks Date: 2024-07-18
INFO 2024-07-18 12:24:44,287 tasks Time: 12:24:44.287354
INFO 2024-07-18 12:24:44,287 tasks Nairobi: 2024-07-18 12:24:44.287568+03:00
INFO 2024-07-18 12:24:44,352 tasks ==========chama/tasks.py: update_contribution_days()==========
INFO 2024-07-18 12:24:44,352 tasks Task ran at: 2024-07-18 12:24:44.352568
INFO 2024-07-18 12:24:44,352 tasks Nairobi: 2024-07-18 12:24:44.352819+03:00
INFO 2024-07-18 14:00:00,219 tasks ==========chama/tasks.py: log_date_time()==========
INFO 2024-07-18 14:00:00,220 tasks Task ran at: 2024-07-18 14:00:00.220135
INFO 2024-07-18 14:00:00,220 tasks Date: 2024-07-18
INFO 2024-07-18 14:00:00,220 tasks Time: 14:00:00.220615
INFO 2024-07-18 14:00:00,220 tasks Nairobi: 2024-07-18 14:00:00.220766+03:00
INFO 2024-07-18 16:00:00,171 tasks ==========chama/tasks.py: log_date_time()==========
INFO 2024-07-18 16:00:00,190 tasks Task ran at: 2024-07-18 16:00:00.190029
INFO 2024-07-18 16:00:00,190 tasks Date: 2024-07-18
INFO 2024-07-18 16:00:00,191 tasks Time: 16:00:00.191195
INFO 2024-07-18 16:00:00,191 tasks Nairobi: 2024-07-18 16:00:00.191592+03:00
INFO 2024-07-19 10:00:06,367 tasks ==========chama/tasks.py: log_date_time()==========
INFO 2024-07-19 10:00:06,368 tasks Task ran at: 2024-07-19 10:00:06.368150
INFO 2024-07-19 10:00:06,368 tasks Date: 2024-07-19
INFO 2024-07-19 10:00:06,368 tasks Time: 10:00:06.368664
INFO 2024-07-19 10:00:06,368 tasks Nairobi: 2024-07-19 10:00:06.368835+03:00
INFO 2024-07-19 10:09:43,348 tasks ==========chama/tasks.py: log_date_time()==========
INFO 2024-07-19 10:09:43,348 tasks Task ran at: 2024-07-19 10:09:43.348534
INFO 2024-07-19 10:09:43,348 tasks Date: 2024-07-19
INFO 2024-07-19 10:09:43,348 tasks Time: 10:09:43.348869
INFO 2024-07-19 10:09:43,349 tasks Nairobi: 2024-07-19 10:09:43.349019+03:00
INFO 2024-07-19 12:00:00,022 tasks ==========chama/tasks.py: log_date_time()==========
INFO 2024-07-19 12:00:00,037 tasks Task ran at: 2024-07-19 12:00:00.037493
INFO 2024-07-19 12:00:00,037 tasks Date: 2024-07-19
INFO 2024-07-19 12:00:00,038 tasks Time: 12:00:00.037996
INFO 2024-07-19 12:00:00,038 tasks Nairobi: 2024-07-19 12:00:00.038202+03:00
INFO 2024-07-19 14:00:00,122 tasks ==========chama/tasks.py: log_date_time()==========
INFO 2024-07-19 14:00:00,124 tasks Task ran at: 2024-07-19 14:00:00.123957
INFO 2024-07-19 14:00:00,125 tasks Date: 2024-07-19
INFO 2024-07-19 14:00:00,126 tasks Time: 14:00:00.126210
INFO 2024-07-19 14:00:00,127 tasks Nairobi: 2024-07-19 14:00:00.126983+03:00
INFO 2024-07-19 16:00:00,113 tasks ==========chama/tasks.py: log_date_time()==========
INFO 2024-07-19 16:00:00,114 tasks Task ran at: 2024-07-19 16:00:00.113973
INFO 2024-07-19 16:00:00,114 tasks Date: 2024-07-19
INFO 2024-07-19 16:00:00,114 tasks Time: 16:00:00.114739
INFO 2024-07-19 16:00:00,115 tasks Nairobi: 2024-07-19 16:00:00.115175+03:00
INFO 2024-07-19 18:00:00,063 tasks ==========chama/tasks.py: log_date_time()==========
INFO 2024-07-19 18:00:00,101 tasks Task ran at: 2024-07-19 18:00:00.101175
INFO 2024-07-19 18:00:00,101 tasks Date: 2024-07-19
INFO 2024-07-19 18:00:00,101 tasks Time: 18:00:00.101650
INFO 2024-07-19 18:00:00,101 tasks Nairobi: 2024-07-19 18:00:00.101832+03:00
INFO 2024-07-21 09:40:29,987 tasks ==========chama/tasks.py: log_date_time()==========
INFO 2024-07-21 09:40:29,987 tasks Task ran at: 2024-07-21 09:40:29.987626
INFO 2024-07-21 09:40:29,988 tasks Date: 2024-07-21
INFO 2024-07-21 09:40:29,989 tasks Time: 09:40:29.989300
INFO 2024-07-21 09:40:29,989 tasks Nairobi: 2024-07-21 09:40:29.989521+03:00
INFO 2024-07-21 10:00:00,125 tasks ==========chama/tasks.py: log_date_time()==========
INFO 2024-07-21 10:00:00,125 tasks Task ran at: 2024-07-21 10:00:00.125556
INFO 2024-07-21 10:00:00,126 tasks Date: 2024-07-21
INFO 2024-07-21 10:00:00,126 tasks Time: 10:00:00.126451
INFO 2024-07-21 10:00:00,126 tasks Nairobi: 2024-07-21 10:00:00.126672+03:00
INFO 2024-07-21 11:02:57,506 tasks ==========chama/tasks.py: update_contribution_days()==========
INFO 2024-07-21 11:02:57,521 tasks Task ran at: 2024-07-21 11:02:57.521391
INFO 2024-07-21 11:02:57,521 tasks Nairobi: 2024-07-21 11:02:57.521656+03:00
INFO 2024-07-21 11:03:31,442 tasks ==========chama/tasks.py: update_contribution_days()==========
INFO 2024-07-21 11:03:31,442 tasks Task ran at: 2024-07-21 11:03:31.442774
INFO 2024-07-21 11:03:31,442 tasks Nairobi: 2024-07-21 11:03:31.442953+03:00
INFO 2024-07-21 11:10:25,951 tasks ==========chama/tasks.py: update_contribution_days()==========
INFO 2024-07-21 11:10:25,951 tasks Task ran at: 2024-07-21 11:10:25.951720
INFO 2024-07-21 11:10:25,953 tasks Nairobi: 2024-07-21 11:10:25.953792+03:00
INFO 2024-07-21 11:11:30,748 tasks ==========chama/tasks.py: update_contribution_days()==========
INFO 2024-07-21 11:11:30,749 tasks Task ran at: 2024-07-21 11:11:30.749436
INFO 2024-07-21 11:11:30,758 tasks Nairobi: 2024-07-21 11:11:30.757703+03:00
INFO 2024-07-21 11:11:58,245 tasks ==========chama/tasks.py: update_contribution_days()==========
INFO 2024-07-21 11:11:58,246 tasks Task ran at: 2024-07-21 11:11:58.245964
INFO 2024-07-21 11:11:58,246 tasks Nairobi: 2024-07-21 11:11:58.246197+03:00
INFO 2024-07-21 11:13:42,155 tasks ==========chama/tasks.py: update_contribution_days()==========
INFO 2024-07-21 11:13:42,156 tasks Task ran at: 2024-07-21 11:13:42.156156
INFO 2024-07-21 11:13:42,156 tasks Nairobi: 2024-07-21 11:13:42.156342+03:00
INFO 2024-07-21 11:25:39,598 tasks ==========chama/tasks.py: update_contribution_days()==========
INFO 2024-07-21 11:25:39,599 tasks Task ran at: 2024-07-21 11:25:39.599384
INFO 2024-07-21 11:25:39,601 tasks Nairobi: 2024-07-21 11:25:39.601763+03:00
INFO 2024-07-21 11:31:24,167 tasks ==========chama/tasks.py: update_contribution_days()==========
INFO 2024-07-21 11:31:24,167 tasks Task ran at: 2024-07-21 11:31:24.167906
INFO 2024-07-21 11:31:24,168 tasks Nairobi: 2024-07-21 11:31:24.168329+03:00
ERROR 2024-07-21 12:00:00,088 tasks Failed to update callback transactions: 500, {"detail":"name 'timedelta' is not defined"}
INFO 2024-07-21 12:00:00,125 tasks ==========chama/tasks.py: log_date_time()==========
INFO 2024-07-21 12:00:00,126 tasks Task ran at: 2024-07-21 12:00:00.126173
INFO 2024-07-21 12:00:00,126 tasks Date: 2024-07-21
INFO 2024-07-21 12:00:00,127 tasks Time: 12:00:00.127403
INFO 2024-07-21 12:00:00,127 tasks Nairobi: 2024-07-21 12:00:00.127869+03:00
INFO 2024-07-21 12:26:09,802 tasks ==========chama/tasks.py: update_contribution_days()==========
INFO 2024-07-21 12:26:09,803 tasks Task ran at: 2024-07-21 12:26:09.803106
INFO 2024-07-21 12:26:09,804 tasks Nairobi: 2024-07-21 12:26:09.804097+03:00
INFO 2024-07-21 12:27:34,561 tasks ==========chama/tasks.py: update_contribution_days()==========
INFO 2024-07-21 12:27:34,562 tasks Task ran at: 2024-07-21 12:27:34.562483
INFO 2024-07-21 12:27:34,564 tasks Nairobi: 2024-07-21 12:27:34.564479+03:00
INFO 2024-07-21 12:27:58,638 tasks ==========chama/tasks.py: update_contribution_days()==========
INFO 2024-07-21 12:27:58,642 tasks Task ran at: 2024-07-21 12:27:58.642571
INFO 2024-07-21 12:27:58,644 tasks Nairobi: 2024-07-21 12:27:58.643944+03:00
INFO 2024-07-21 12:28:38,752 tasks ==========chama/tasks.py: update_contribution_days()==========
INFO 2024-07-21 12:28:38,754 tasks Task ran at: 2024-07-21 12:28:38.754348
INFO 2024-07-21 12:28:38,754 tasks Nairobi: 2024-07-21 12:28:38.754756+03:00
INFO 2024-07-21 12:29:46,918 tasks ==========chama/tasks.py: update_contribution_days()==========
INFO 2024-07-21 12:29:46,919 tasks Task ran at: 2024-07-21 12:29:46.919301
INFO 2024-07-21 12:29:46,920 tasks Nairobi: 2024-07-21 12:29:46.920426+03:00
INFO 2024-07-21 12:31:33,861 tasks ==========chama/tasks.py: update_contribution_days()==========
INFO 2024-07-21 12:31:33,862 tasks Task ran at: 2024-07-21 12:31:33.862222
INFO 2024-07-21 12:31:33,862 tasks Nairobi: 2024-07-21 12:31:33.862919+03:00
INFO 2024-07-21 12:32:45,048 tasks ==========chama/tasks.py: update_contribution_days()==========
INFO 2024-07-21 12:32:45,049 tasks Task ran at: 2024-07-21 12:32:45.049212
INFO 2024-07-21 12:32:45,049 tasks Nairobi: 2024-07-21 12:32:45.049723+03:00
INFO 2024-07-21 13:30:09,182 tasks ==========chama/tasks.py: update_contribution_days()==========
INFO 2024-07-21 13:30:09,202 tasks Task ran at: 2024-07-21 13:30:09.201886
INFO 2024-07-21 13:30:09,203 tasks Nairobi: 2024-07-21 13:30:09.202699+03:00
INFO 2024-07-21 13:30:36,346 tasks ==========chama/tasks.py: update_contribution_days()==========
INFO 2024-07-21 13:30:36,346 tasks Task ran at: 2024-07-21 13:30:36.346413
INFO 2024-07-21 13:30:36,346 tasks Nairobi: 2024-07-21 13:30:36.346627+03:00
INFO 2024-07-21 13:36:11,327 tasks ==========chama/tasks.py: update_contribution_days()==========
INFO 2024-07-21 13:36:11,327 tasks Task ran at: 2024-07-21 13:36:11.327927
INFO 2024-07-21 13:36:11,328 tasks Nairobi: 2024-07-21 13:36:11.328383+03:00
INFO 2024-07-21 13:38:46,385 tasks ==========chama/tasks.py: update_contribution_days()==========
INFO 2024-07-21 13:38:46,386 tasks Task ran at: 2024-07-21 13:38:46.386110
INFO 2024-07-21 13:38:46,386 tasks Nairobi: 2024-07-21 13:38:46.386774+03:00
INFO 2024-07-21 13:41:09,899 tasks ==========chama/tasks.py: update_contribution_days()==========
INFO 2024-07-21 13:41:09,900 tasks Task ran at: 2024-07-21 13:41:09.900061
INFO 2024-07-21 13:41:09,901 tasks Nairobi: 2024-07-21 13:41:09.900975+03:00
INFO 2024-07-21 13:48:40,034 tasks ==========chama/tasks.py: update_contribution_days()==========
INFO 2024-07-21 13:48:40,034 tasks Task ran at: 2024-07-21 13:48:40.034380
INFO 2024-07-21 13:48:40,034 tasks Nairobi: 2024-07-21 13:48:40.034598+03:00
INFO 2024-07-21 13:50:28,896 tasks ==========chama/tasks.py: update_contribution_days()==========
INFO 2024-07-21 13:50:28,898 tasks Task ran at: 2024-07-21 13:50:28.898877
INFO 2024-07-21 13:50:28,899 tasks Nairobi: 2024-07-21 13:50:28.899334+03:00
INFO 2024-07-21 14:00:00,126 tasks ==========chama/tasks.py: log_date_time()==========
INFO 2024-07-21 14:00:00,127 tasks Task ran at: 2024-07-21 14:00:00.127196
INFO 2024-07-21 14:00:00,127 tasks Date: 2024-07-21
INFO 2024-07-21 14:00:00,127 tasks Time: 14:00:00.127698
INFO 2024-07-21 14:00:00,127 tasks Nairobi: 2024-07-21 14:00:00.127899+03:00
INFO 2024-07-21 14:21:22,689 tasks ==========chama/tasks.py: update_contribution_days()==========
INFO 2024-07-21 14:21:22,704 tasks Task ran at: 2024-07-21 14:21:22.704280
INFO 2024-07-21 14:21:22,705 tasks Nairobi: 2024-07-21 14:21:22.705314+03:00
INFO 2024-07-21 14:22:40,119 tasks ==========chama/tasks.py: update_contribution_days()==========
INFO 2024-07-21 14:22:40,119 tasks Task ran at: 2024-07-21 14:22:40.119564
INFO 2024-07-21 14:22:40,119 tasks Nairobi: 2024-07-21 14:22:40.119918+03:00
INFO 2024-07-21 14:26:18,934 tasks ==========chama/tasks.py: update_contribution_days()==========
INFO 2024-07-21 14:26:18,934 tasks Task ran at: 2024-07-21 14:26:18.934833
INFO 2024-07-21 14:26:18,935 tasks Nairobi: 2024-07-21 14:26:18.935666+03:00
INFO 2024-07-21 14:29:23,721 tasks ==========chama/tasks.py: update_contribution_days()==========
INFO 2024-07-21 14:29:23,721 tasks Task ran at: 2024-07-21 14:29:23.721518
INFO 2024-07-21 14:29:23,721 tasks Nairobi: 2024-07-21 14:29:23.721793+03:00
INFO 2024-07-21 14:33:56,145 tasks ==========chama/tasks.py: update_contribution_days()==========
INFO 2024-07-21 14:33:56,146 tasks Task ran at: 2024-07-21 14:33:56.146076
INFO 2024-07-21 14:33:56,146 tasks Nairobi: 2024-07-21 14:33:56.146313+03:00
INFO 2024-07-21 14:43:06,968 tasks ==========chama/tasks.py: update_contribution_days()==========
INFO 2024-07-21 14:43:06,969 tasks Task ran at: 2024-07-21 14:43:06.969180
INFO 2024-07-21 14:43:06,969 tasks Nairobi: 2024-07-21 14:43:06.969705+03:00
INFO 2024-07-21 14:46:00,132 tasks ==========chama/tasks.py: update_contribution_days()==========
INFO 2024-07-21 14:46:00,133 tasks Task ran at: 2024-07-21 14:46:00.133212
INFO 2024-07-21 14:46:00,133 tasks Nairobi: 2024-07-21 14:46:00.133497+03:00
INFO 2024-07-21 15:04:57,637 tasks ==========chama/tasks.py: update_contribution_days()==========
INFO 2024-07-21 15:04:57,638 tasks Task ran at: 2024-07-21 15:04:57.638312
INFO 2024-07-21 15:04:57,638 tasks Nairobi: 2024-07-21 15:04:57.638649+03:00
INFO 2024-07-21 15:06:26,558 tasks ==========chama/tasks.py: update_contribution_days()==========
INFO 2024-07-21 15:06:26,559 tasks Task ran at: 2024-07-21 15:06:26.559089
INFO 2024-07-21 15:06:26,559 tasks Nairobi: 2024-07-21 15:06:26.559695+03:00
INFO 2024-07-21 15:08:03,654 tasks ==========chama/tasks.py: update_contribution_days()==========
INFO 2024-07-21 15:08:03,655 tasks Task ran at: 2024-07-21 15:08:03.654953
INFO 2024-07-21 15:08:03,655 tasks Nairobi: 2024-07-21 15:08:03.655337+03:00
INFO 2024-07-21 15:09:17,923 tasks ==========chama/tasks.py: update_contribution_days()==========
INFO 2024-07-21 15:09:17,924 tasks Task ran at: 2024-07-21 15:09:17.924030
INFO 2024-07-21 15:09:17,924 tasks Nairobi: 2024-07-21 15:09:17.924269+03:00
INFO 2024-07-21 15:13:01,010 tasks ==========chama/tasks.py: update_contribution_days()==========
INFO 2024-07-21 15:13:01,012 tasks Task ran at: 2024-07-21 15:13:01.011969
INFO 2024-07-21 15:13:01,012 tasks Nairobi: 2024-07-21 15:13:01.012810+03:00
INFO 2024-07-21 15:16:27,267 tasks ==========chama/tasks.py: update_contribution_days()==========
INFO 2024-07-21 15:16:27,267 tasks Task ran at: 2024-07-21 15:16:27.267340
INFO 2024-07-21 15:16:27,267 tasks Nairobi: 2024-07-21 15:16:27.267744+03:00
INFO 2024-07-21 15:19:45,888 tasks ==========chama/tasks.py: update_contribution_days()==========
INFO 2024-07-21 15:19:45,893 tasks Task ran at: 2024-07-21 15:19:45.893356
INFO 2024-07-21 15:19:45,893 tasks Nairobi: 2024-07-21 15:19:45.893856+03:00
INFO 2024-07-21 15:22:04,205 tasks ==========chama/tasks.py: update_contribution_days()==========
INFO 2024-07-21 15:22:04,206 tasks Task ran at: 2024-07-21 15:22:04.206032
INFO 2024-07-21 15:22:04,206 tasks Nairobi: 2024-07-21 15:22:04.206492+03:00
INFO 2024-07-21 15:22:38,913 tasks ==========chama/tasks.py: update_contribution_days()==========
INFO 2024-07-21 15:22:38,915 tasks Task ran at: 2024-07-21 15:22:38.915257
INFO 2024-07-21 15:22:38,915 tasks Nairobi: 2024-07-21 15:22:38.915667+03:00
INFO 2024-07-21 15:23:34,923 tasks ==========chama/tasks.py: update_contribution_days()==========
INFO 2024-07-21 15:23:34,924 tasks Task ran at: 2024-07-21 15:23:34.924329
INFO 2024-07-21 15:23:34,924 tasks Nairobi: 2024-07-21 15:23:34.924855+03:00
INFO 2024-07-21 15:23:54,864 tasks ==========chama/tasks.py: update_contribution_days()==========
INFO 2024-07-21 15:23:54,865 tasks Task ran at: 2024-07-21 15:23:54.865030
INFO 2024-07-21 15:23:54,865 tasks Nairobi: 2024-07-21 15:23:54.865617+03:00
INFO 2024-07-21 15:26:19,228 tasks ==========chama/tasks.py: update_contribution_days()==========
INFO 2024-07-21 15:26:19,229 tasks Task ran at: 2024-07-21 15:26:19.229907
INFO 2024-07-21 15:26:19,230 tasks Nairobi: 2024-07-21 15:26:19.230295+03:00
INFO 2024-07-21 15:26:58,280 tasks ==========chama/tasks.py: update_contribution_days()==========
INFO 2024-07-21 15:26:58,280 tasks Task ran at: 2024-07-21 15:26:58.280853
INFO 2024-07-21 15:26:58,281 tasks Nairobi: 2024-07-21 15:26:58.281270+03:00
INFO 2024-07-21 18:10:31,398 tasks ==========chama/tasks.py: log_date_time()==========
INFO 2024-07-21 18:10:31,398 tasks Task ran at: 2024-07-21 18:10:31.398583
INFO 2024-07-21 18:10:31,399 tasks Date: 2024-07-21
INFO 2024-07-21 18:10:31,399 tasks Time: 18:10:31.399513
INFO 2024-07-21 18:10:31,400 tasks Nairobi: 2024-07-21 18:10:31.399997+03:00
INFO 2024-07-22 06:37:33,762 tasks ==========chama/tasks.py: log_date_time()==========
INFO 2024-07-22 06:37:33,763 tasks Task ran at: 2024-07-22 06:37:33.763161
INFO 2024-07-22 06:37:33,763 tasks Date: 2024-07-22
INFO 2024-07-22 06:37:33,763 tasks Time: 06:37:33.763702
INFO 2024-07-22 06:37:33,763 tasks Nairobi: 2024-07-22 06:37:33.763883+03:00
INFO 2024-07-22 06:42:20,673 tasks ==========chama/tasks.py: update_contribution_days()==========
INFO 2024-07-22 06:42:20,674 tasks Task ran at: 2024-07-22 06:42:20.674143
INFO 2024-07-22 06:42:20,675 tasks Nairobi: 2024-07-22 06:42:20.674918+03:00
INFO 2024-07-22 06:42:44,629 tasks ==========chama/tasks.py: update_contribution_days()==========
INFO 2024-07-22 06:42:44,629 tasks Task ran at: 2024-07-22 06:42:44.629727
INFO 2024-07-22 06:42:44,630 tasks Nairobi: 2024-07-22 06:42:44.630067+03:00
INFO 2024-07-22 07:08:47,066 tasks ==========chama/tasks.py: update_contribution_days()==========
INFO 2024-07-22 07:08:47,067 tasks Task ran at: 2024-07-22 07:08:47.067374
INFO 2024-07-22 07:08:47,067 tasks Nairobi: 2024-07-22 07:08:47.067868+03:00
INFO 2024-07-22 07:14:10,649 tasks ==========chama/tasks.py: update_contribution_days()==========
INFO 2024-07-22 07:14:10,668 tasks Task ran at: 2024-07-22 07:14:10.668189
INFO 2024-07-22 07:14:10,669 tasks Nairobi: 2024-07-22 07:14:10.669322+03:00
INFO 2024-07-22 07:16:11,111 tasks ==========chama/tasks.py: update_contribution_days()==========
INFO 2024-07-22 07:16:11,113 tasks Task ran at: 2024-07-22 07:16:11.113425
INFO 2024-07-22 07:16:11,114 tasks Nairobi: 2024-07-22 07:16:11.114075+03:00
INFO 2024-07-22 08:00:00,083 tasks ==========chama/tasks.py: log_date_time()==========
INFO 2024-07-22 08:00:00,095 tasks Task ran at: 2024-07-22 08:00:00.095434
INFO 2024-07-22 08:00:00,096 tasks Date: 2024-07-22
INFO 2024-07-22 08:00:00,096 tasks Time: 08:00:00.096691
INFO 2024-07-22 08:00:00,097 tasks Nairobi: 2024-07-22 08:00:00.096972+03:00
INFO 2024-07-22 10:00:00,141 tasks ==========chama/tasks.py: log_date_time()==========
INFO 2024-07-22 10:00:00,159 tasks Task ran at: 2024-07-22 10:00:00.159867
INFO 2024-07-22 10:00:00,160 tasks Date: 2024-07-22
INFO 2024-07-22 10:00:00,161 tasks Time: 10:00:00.161783
INFO 2024-07-22 10:00:00,170 tasks Nairobi: 2024-07-22 10:00:00.163056+03:00
INFO 2024-07-22 12:00:00,066 tasks ==========chama/tasks.py: update_callback_transactions()==========
INFO 2024-07-22 12:00:00,067 tasks Task ran at: 2024-07-22 12:00:00.067925
INFO 2024-07-22 12:00:00,068 tasks Nairobi: 2024-07-22 12:00:00.068681+03:00
INFO 2024-07-22 12:00:00,193 tasks ==========chama/tasks.py: log_date_time()==========
INFO 2024-07-22 12:00:00,194 tasks Task ran at: 2024-07-22 12:00:00.194706
INFO 2024-07-22 12:00:00,195 tasks Date: 2024-07-22
INFO 2024-07-22 12:00:00,197 tasks Time: 12:00:00.197329
INFO 2024-07-22 12:00:00,198 tasks Nairobi: 2024-07-22 12:00:00.198132+03:00
INFO 2024-07-23 17:15:09,887 tasks ==========chama/tasks.py: log_date_time()==========
INFO 2024-07-23 17:15:10,015 tasks Task ran at: 2024-07-23 17:15:10.015046
INFO 2024-07-23 17:15:10,015 tasks Date: 2024-07-23
INFO 2024-07-23 17:15:10,015 tasks Time: 17:15:10.015782
INFO 2024-07-23 17:15:10,016 tasks Nairobi: 2024-07-23 17:15:10.016006+03:00
INFO 2024-07-23 17:15:10,023 tasks ==========chama/tasks.py: update_callback_transactions()==========
INFO 2024-07-23 17:15:10,024 tasks Task ran at: 2024-07-23 17:15:10.024213
INFO 2024-07-23 17:15:10,024 tasks Nairobi: 2024-07-23 17:15:10.024584+03:00
INFO 2024-07-23 17:36:55,105 tasks ==========chama/tasks.py: update_contribution_days()==========
INFO 2024-07-23 17:36:55,106 tasks Task ran at: 2024-07-23 17:36:55.106608
INFO 2024-07-23 17:36:55,107 tasks Nairobi: 2024-07-23 17:36:55.107679+03:00
INFO 2024-07-23 17:37:02,427 tasks ==========chama/tasks.py: update_contribution_days()==========
INFO 2024-07-23 17:37:02,428 tasks Task ran at: 2024-07-23 17:37:02.428175
INFO 2024-07-23 17:37:02,428 tasks Nairobi: 2024-07-23 17:37:02.428559+03:00
INFO 2024-07-24 16:11:07,023 tasks ==========chama/tasks.py: update_callback_transactions()==========
INFO 2024-07-24 16:11:07,046 tasks Task ran at: 2024-07-24 16:11:07.046568
INFO 2024-07-24 16:11:07,046 tasks Nairobi: 2024-07-24 16:11:07.046900+03:00
INFO 2024-07-24 16:11:07,055 tasks ==========chama/tasks.py: log_date_time()==========
INFO 2024-07-24 16:11:07,055 tasks Task ran at: 2024-07-24 16:11:07.055703
INFO 2024-07-24 16:11:07,055 tasks Date: 2024-07-24
INFO 2024-07-24 16:11:07,056 tasks Time: 16:11:07.056150
INFO 2024-07-24 16:11:07,056 tasks Nairobi: 2024-07-24 16:11:07.056355+03:00
INFO 2024-07-24 16:29:12,557 tasks ==========chama/tasks.py: update_contribution_days()==========
INFO 2024-07-24 16:29:12,557 tasks Task ran at: 2024-07-24 16:29:12.557746
INFO 2024-07-24 16:29:12,558 tasks Nairobi: 2024-07-24 16:29:12.558144+03:00
INFO 2024-07-24 16:29:28,085 tasks ==========chama/tasks.py: update_contribution_days()==========
INFO 2024-07-24 16:29:28,086 tasks Task ran at: 2024-07-24 16:29:28.086315
INFO 2024-07-24 16:29:28,087 tasks Nairobi: 2024-07-24 16:29:28.086962+03:00
INFO 2024-07-24 16:29:48,328 tasks ==========chama/tasks.py: update_contribution_days()==========
INFO 2024-07-24 16:29:48,329 tasks Task ran at: 2024-07-24 16:29:48.329580
INFO 2024-07-24 16:29:48,330 tasks Nairobi: 2024-07-24 16:29:48.330205+03:00
INFO 2024-07-24 16:42:35,170 tasks ==========chama/tasks.py: update_contribution_days()==========
INFO 2024-07-24 16:42:35,170 tasks Task ran at: 2024-07-24 16:42:35.170413
INFO 2024-07-24 16:42:35,170 tasks Nairobi: 2024-07-24 16:42:35.170713+03:00
INFO 2024-07-24 16:50:17,630 tasks ==========chama/tasks.py: update_contribution_days()==========
INFO 2024-07-24 16:50:17,631 tasks Task ran at: 2024-07-24 16:50:17.631240
INFO 2024-07-24 16:50:17,631 tasks Nairobi: 2024-07-24 16:50:17.631796+03:00
INFO 2024-07-24 16:50:28,569 tasks ==========chama/tasks.py: update_contribution_days()==========
INFO 2024-07-24 16:50:28,570 tasks Task ran at: 2024-07-24 16:50:28.570125
INFO 2024-07-24 16:50:28,571 tasks Nairobi: 2024-07-24 16:50:28.571573+03:00
INFO 2024-07-24 17:05:37,269 tasks ==========chama/tasks.py: update_contribution_days()==========
INFO 2024-07-24 17:05:37,269 tasks Task ran at: 2024-07-24 17:05:37.269900
INFO 2024-07-24 17:05:37,270 tasks Nairobi: 2024-07-24 17:05:37.270546+03:00
INFO 2024-07-24 17:06:08,213 tasks ==========chama/tasks.py: update_contribution_days()==========
INFO 2024-07-24 17:06:08,214 tasks Task ran at: 2024-07-24 17:06:08.214256
INFO 2024-07-24 17:06:08,215 tasks Nairobi: 2024-07-24 17:06:08.215116+03:00
INFO 2024-07-24 17:06:48,849 tasks ==========chama/tasks.py: update_contribution_days()==========
INFO 2024-07-24 17:06:48,850 tasks Task ran at: 2024-07-24 17:06:48.850094
INFO 2024-07-24 17:06:48,851 tasks Nairobi: 2024-07-24 17:06:48.851382+03:00
INFO 2024-07-24 17:07:42,278 tasks ==========chama/tasks.py: update_contribution_days()==========
INFO 2024-07-24 17:07:42,279 tasks Task ran at: 2024-07-24 17:07:42.279649
INFO 2024-07-24 17:07:42,280 tasks Nairobi: 2024-07-24 17:07:42.280313+03:00
INFO 2024-07-24 17:10:33,964 tasks ==========chama/tasks.py: update_contribution_days()==========
INFO 2024-07-24 17:10:33,965 tasks Task ran at: 2024-07-24 17:10:33.965378
INFO 2024-07-24 17:10:33,965 tasks Nairobi: 2024-07-24 17:10:33.965876+03:00
INFO 2024-07-24 17:29:02,437 tasks ==========chama/tasks.py: update_contribution_days()==========
INFO 2024-07-24 17:29:02,438 tasks Task ran at: 2024-07-24 17:29:02.438732
INFO 2024-07-24 17:29:02,440 tasks Nairobi: 2024-07-24 17:29:02.440512+03:00
INFO 2024-07-24 17:29:44,758 tasks ==========chama/tasks.py: update_contribution_days()==========
INFO 2024-07-24 17:29:44,759 tasks Task ran at: 2024-07-24 17:29:44.758956
INFO 2024-07-24 17:29:44,759 tasks Nairobi: 2024-07-24 17:29:44.759322+03:00
INFO 2024-07-29 10:39:24,676 tasks ==========chama/tasks.py: update_callback_transactions()==========
INFO 2024-07-29 10:39:24,719 tasks Task ran at: 2024-07-29 10:39:24.719128
INFO 2024-07-29 10:39:24,719 tasks Nairobi: 2024-07-29 10:39:24.719857+03:00
INFO 2024-07-29 10:39:24,974 tasks ==========chama/tasks.py: log_date_time()==========
INFO 2024-07-29 10:39:24,974 tasks Task ran at: 2024-07-29 10:39:24.974766
INFO 2024-07-29 10:39:24,975 tasks Date: 2024-07-29
INFO 2024-07-29 10:39:24,975 tasks Time: 10:39:24.975266
INFO 2024-07-29 10:39:24,975 tasks Nairobi: 2024-07-29 10:39:24.975496+03:00
INFO 2024-07-29 11:04:46,095 tasks ==========chama/tasks.py: update_contribution_days()==========
INFO 2024-07-29 11:04:46,096 tasks Task ran at: 2024-07-29 11:04:46.096295
INFO 2024-07-29 11:04:46,097 tasks Nairobi: 2024-07-29 11:04:46.097197+03:00
INFO 2024-07-29 11:05:11,472 tasks ==========chama/tasks.py: update_contribution_days()==========
INFO 2024-07-29 11:05:11,474 tasks Task ran at: 2024-07-29 11:05:11.473866
INFO 2024-07-29 11:05:11,479 tasks Nairobi: 2024-07-29 11:05:11.479324+03:00
INFO 2024-07-29 11:05:32,169 tasks ==========chama/tasks.py: update_contribution_days()==========
INFO 2024-07-29 11:05:32,170 tasks Task ran at: 2024-07-29 11:05:32.170010
INFO 2024-07-29 11:05:32,170 tasks Nairobi: 2024-07-29 11:05:32.170588+03:00
INFO 2024-07-29 12:00:00,020 tasks ==========chama/tasks.py: log_date_time()==========
INFO 2024-07-29 12:00:00,021 tasks Task ran at: 2024-07-29 12:00:00.021403
INFO 2024-07-29 12:00:00,021 tasks Date: 2024-07-29
INFO 2024-07-29 12:00:00,024 tasks Time: 12:00:00.024606
INFO 2024-07-29 12:00:00,024 tasks Nairobi: 2024-07-29 12:00:00.024943+03:00
INFO 2024-07-29 12:00:00,153 tasks ==========chama/tasks.py: update_callback_transactions()==========
INFO 2024-07-29 12:00:00,153 tasks Task ran at: 2024-07-29 12:00:00.153589
INFO 2024-07-29 12:00:00,154 tasks Nairobi: 2024-07-29 12:00:00.154235+03:00
INFO 2024-07-29 14:00:00,050 tasks ==========chama/tasks.py: log_date_time()==========
INFO 2024-07-29 14:00:00,085 tasks Task ran at: 2024-07-29 14:00:00.085021
INFO 2024-07-29 14:00:00,085 tasks Date: 2024-07-29
INFO 2024-07-29 14:00:00,085 tasks Time: 14:00:00.085591
INFO 2024-07-29 14:00:00,085 tasks Nairobi: 2024-07-29 14:00:00.085853+03:00
INFO 2024-07-29 16:00:00,058 tasks ==========chama/tasks.py: log_date_time()==========
INFO 2024-07-29 16:00:00,059 tasks Task ran at: 2024-07-29 16:00:00.059540
INFO 2024-07-29 16:00:00,060 tasks Date: 2024-07-29
INFO 2024-07-29 16:00:00,062 tasks Time: 16:00:00.062441
INFO 2024-07-29 16:00:00,064 tasks Nairobi: 2024-07-29 16:00:00.063982+03:00
INFO 2024-07-30 09:07:36,227 tasks ==========chama/tasks.py: log_date_time()==========
INFO 2024-07-30 09:07:36,228 tasks Task ran at: 2024-07-30 09:07:36.228060
INFO 2024-07-30 09:07:36,228 tasks Date: 2024-07-30
INFO 2024-07-30 09:07:36,229 tasks Time: 09:07:36.229045
INFO 2024-07-30 09:07:36,229 tasks Nairobi: 2024-07-30 09:07:36.229339+03:00
INFO 2024-07-30 09:07:36,328 tasks ==========chama/tasks.py: update_callback_transactions()==========
INFO 2024-07-30 09:07:36,328 tasks Task ran at: 2024-07-30 09:07:36.328314
INFO 2024-07-30 09:07:36,328 tasks Nairobi: 2024-07-30 09:07:36.328587+03:00
INFO 2024-07-30 09:43:24,037 tasks ==========chama/tasks.py: update_contribution_days()==========
INFO 2024-07-30 09:43:24,038 tasks Task ran at: 2024-07-30 09:43:24.038728
INFO 2024-07-30 09:43:24,039 tasks Nairobi: 2024-07-30 09:43:24.039274+03:00
INFO 2024-07-30 09:43:40,676 tasks ==========chama/tasks.py: update_contribution_days()==========
INFO 2024-07-30 09:43:40,677 tasks Task ran at: 2024-07-30 09:43:40.677352
INFO 2024-07-30 09:43:40,677 tasks Nairobi: 2024-07-30 09:43:40.677877+03:00
INFO 2024-07-30 09:43:53,076 tasks ==========chama/tasks.py: update_contribution_days()==========
INFO 2024-07-30 09:43:53,077 tasks Task ran at: 2024-07-30 09:43:53.077248
INFO 2024-07-30 09:43:53,077 tasks Nairobi: 2024-07-30 09:43:53.077757+03:00
INFO 2024-07-30 10:00:00,426 tasks ==========chama/tasks.py: log_date_time()==========
INFO 2024-07-30 10:00:00,427 tasks Task ran at: 2024-07-30 10:00:00.427320
INFO 2024-07-30 10:00:00,427 tasks Date: 2024-07-30
INFO 2024-07-30 10:00:00,428 tasks Time: 10:00:00.428249
INFO 2024-07-30 10:00:00,428 tasks Nairobi: 2024-07-30 10:00:00.428838+03:00
INFO 2024-07-30 12:00:00,030 tasks ==========chama/tasks.py: update_callback_transactions()==========
INFO 2024-07-30 12:00:00,085 tasks Task ran at: 2024-07-30 12:00:00.085374
INFO 2024-07-30 12:00:00,086 tasks Nairobi: 2024-07-30 12:00:00.086049+03:00
INFO 2024-07-30 12:00:00,188 tasks ==========chama/tasks.py: log_date_time()==========
INFO 2024-07-30 12:00:00,190 tasks Task ran at: 2024-07-30 12:00:00.190068
INFO 2024-07-30 12:00:00,191 tasks Date: 2024-07-30
INFO 2024-07-30 12:00:00,192 tasks Time: 12:00:00.191953
INFO 2024-07-30 12:00:00,192 tasks Nairobi: 2024-07-30 12:00:00.192762+03:00
INFO 2024-07-30 14:00:00,130 tasks ==========chama/tasks.py: log_date_time()==========
INFO 2024-07-30 14:00:00,272 tasks Task ran at: 2024-07-30 14:00:00.272796
INFO 2024-07-30 14:00:00,273 tasks Date: 2024-07-30
INFO 2024-07-30 14:00:00,274 tasks Time: 14:00:00.274334
INFO 2024-07-30 14:00:00,274 tasks Nairobi: 2024-07-30 14:00:00.274731+03:00
INFO 2024-07-30 16:00:00,144 tasks ==========chama/tasks.py: log_date_time()==========
INFO 2024-07-30 16:00:00,200 tasks Task ran at: 2024-07-30 16:00:00.200714
INFO 2024-07-30 16:00:00,201 tasks Date: 2024-07-30
INFO 2024-07-30 16:00:00,201 tasks Time: 16:00:00.201861
INFO 2024-07-30 16:00:00,202 tasks Nairobi: 2024-07-30 16:00:00.202249+03:00
INFO 2024-07-30 18:00:00,157 tasks ==========chama/tasks.py: log_date_time()==========
INFO 2024-07-30 18:00:00,167 tasks Task ran at: 2024-07-30 18:00:00.167168
INFO 2024-07-30 18:00:00,167 tasks Date: 2024-07-30
INFO 2024-07-30 18:00:00,168 tasks Time: 18:00:00.168117
INFO 2024-07-30 18:00:00,168 tasks Nairobi: 2024-07-30 18:00:00.168522+03:00
INFO 2024-07-31 09:06:57,556 tasks ==========chama/tasks.py: log_date_time()==========
INFO 2024-07-31 09:06:57,557 tasks Task ran at: 2024-07-31 09:06:57.557352
INFO 2024-07-31 09:06:57,557 tasks Date: 2024-07-31
INFO 2024-07-31 09:06:57,558 tasks Time: 09:06:57.558031
INFO 2024-07-31 09:06:57,558 tasks Nairobi: 2024-07-31 09:06:57.558347+03:00
INFO 2024-07-31 09:06:57,764 tasks ==========chama/tasks.py: update_callback_transactions()==========
INFO 2024-07-31 09:06:57,765 tasks Task ran at: 2024-07-31 09:06:57.765319
INFO 2024-07-31 09:06:57,766 tasks Nairobi: 2024-07-31 09:06:57.765940+03:00
INFO 2024-08-01 09:52:13,448 tasks ==========chama/tasks.py: update_callback_transactions()==========
INFO 2024-08-01 09:52:13,449 tasks Task ran at: 2024-08-01 09:52:13.449040
INFO 2024-08-01 09:52:13,449 tasks Nairobi: 2024-08-01 09:52:13.449282+03:00
INFO 2024-08-01 09:52:13,483 tasks ==========chama/tasks.py: log_date_time()==========
INFO 2024-08-01 09:52:13,483 tasks Task ran at: 2024-08-01 09:52:13.483489
INFO 2024-08-01 09:52:13,484 tasks Date: 2024-08-01
INFO 2024-08-01 09:52:13,484 tasks Time: 09:52:13.484691
INFO 2024-08-01 09:52:13,485 tasks Nairobi: 2024-08-01 09:52:13.485306+03:00
INFO 2024-08-01 10:00:00,093 tasks ==========chama/tasks.py: log_date_time()==========
INFO 2024-08-01 10:00:00,131 tasks Task ran at: 2024-08-01 10:00:00.131025
INFO 2024-08-01 10:00:00,131 tasks Date: 2024-08-01
INFO 2024-08-01 10:00:00,131 tasks Time: 10:00:00.131697
INFO 2024-08-01 10:00:00,131 tasks Nairobi: 2024-08-01 10:00:00.131946+03:00
INFO 2024-08-01 11:08:39,033 tasks ==========chama/tasks.py: update_contribution_days()==========
INFO 2024-08-01 11:08:39,095 tasks Task ran at: 2024-08-01 11:08:39.095870
INFO 2024-08-01 11:08:39,096 tasks Nairobi: 2024-08-01 11:08:39.096271+03:00
INFO 2024-08-01 12:00:00,054 tasks ==========chama/tasks.py: update_callback_transactions()==========
INFO 2024-08-01 12:00:00,055 tasks Task ran at: 2024-08-01 12:00:00.055254
INFO 2024-08-01 12:00:00,056 tasks Nairobi: 2024-08-01 12:00:00.056519+03:00
INFO 2024-08-01 12:00:00,535 tasks ==========chama/tasks.py: log_date_time()==========
INFO 2024-08-01 12:00:00,536 tasks Task ran at: 2024-08-01 12:00:00.536067
INFO 2024-08-01 12:00:00,536 tasks Date: 2024-08-01
INFO 2024-08-01 12:00:00,536 tasks Time: 12:00:00.536591
INFO 2024-08-01 12:00:00,536 tasks Nairobi: 2024-08-01 12:00:00.536816+03:00
INFO 2024-08-01 14:00:00,196 tasks ==========chama/tasks.py: log_date_time()==========
INFO 2024-08-01 14:00:00,242 tasks Task ran at: 2024-08-01 14:00:00.242698
INFO 2024-08-01 14:00:00,244 tasks Date: 2024-08-01
INFO 2024-08-01 14:00:00,245 tasks Time: 14:00:00.245641
INFO 2024-08-01 14:00:00,246 tasks Nairobi: 2024-08-01 14:00:00.246450+03:00
INFO 2024-08-01 16:00:00,025 tasks ==========chama/tasks.py: log_date_time()==========
INFO 2024-08-01 16:00:00,049 tasks Task ran at: 2024-08-01 16:00:00.049184
INFO 2024-08-01 16:00:00,050 tasks Date: 2024-08-01
INFO 2024-08-01 16:00:00,050 tasks Time: 16:00:00.050361
INFO 2024-08-01 16:00:00,050 tasks Nairobi: 2024-08-01 16:00:00.050693+03:00
INFO 2024-08-01 18:00:00,112 tasks ==========chama/tasks.py: log_date_time()==========
INFO 2024-08-01 18:00:00,157 tasks Task ran at: 2024-08-01 18:00:00.157408
INFO 2024-08-01 18:00:00,157 tasks Date: 2024-08-01
INFO 2024-08-01 18:00:00,158 tasks Time: 18:00:00.158072
INFO 2024-08-01 18:00:00,158 tasks Nairobi: 2024-08-01 18:00:00.158348+03:00
