2024-07-18 13:44:24,274 - root - WARNING - Chamas share price and previous two contribution dates retrieved
2024-07-18 13:44:24,276 - root - WARNING - {1: {'share_price': 1000, 'fine_per_share': 100, 'prev_contribution_date': datetime.datetime(2024, 7, 17, 0, 0), 'prev_two_contribution_date': datetime.datetime(2024, 7, 16, 0, 0)}}
2024-07-18 13:44:24,533 - root - WARNING - Member: nurtu
2024-07-18 13:44:24,558 - root - WARNING - Fine to be added
2024-07-18 13:44:24,633 - root - WARNING - Fine record does not exist
2024-07-18 13:44:24,726 - root - WARNING - Member: memlo
2024-07-18 13:44:24,752 - root - WARNING - Fine to be added
2024-07-18 13:44:24,765 - root - WARNING - Fine record does not exist
2024-07-18 13:44:24,812 - root - WARNING - Member: nasta
2024-07-18 13:44:24,834 - root - WARNING - Fine to be added
2024-07-18 13:44:24,838 - root - WARNING - Fine record does not exist
2024-07-18 13:44:24,867 - root - WARNING - Member: zodru
2024-07-18 13:44:24,909 - root - WARNING - Fine to be added
2024-07-18 13:44:24,926 - root - WARNING - Fine record does not exist
2024-07-18 13:44:24,963 - root - WARNING - Member: varko
2024-07-18 13:44:25,000 - root - WARNING - Fine to be added
2024-07-18 13:44:25,015 - root - WARNING - Fine record does not exist
2024-07-18 13:44:25,045 - root - WARNING - Fines added
2024-07-18 13:44:25,046 - root - WARNING - {1: {'chama_id': '1', 'member_id': 1, 'fine': 100, 'fine_reason': 'Missed contribution', 'fine_date': '2024-07-17T00:00:00', 'is_paid': False, 'paid_date': None, 'total_expected_amount': 1100}, 2: {'chama_id': '1', 'member_id': 2, 'fine': 100, 'fine_reason': 'Missed contribution', 'fine_date': '2024-07-17T00:00:00', 'is_paid': False, 'paid_date': None, 'total_expected_amount': 1100}, 3: {'chama_id': '1', 'member_id': 3, 'fine': 100, 'fine_reason': 'Missed contribution', 'fine_date': '2024-07-17T00:00:00', 'is_paid': False, 'paid_date': None, 'total_expected_amount': 1100}, 4: {'chama_id': '1', 'member_id': 4, 'fine': 100, 'fine_reason': 'Missed contribution', 'fine_date': '2024-07-17T00:00:00', 'is_paid': False, 'paid_date': None, 'total_expected_amount': 1100}, 6: {'chama_id': '1', 'member_id': 6, 'fine': 100, 'fine_reason': 'Missed contribution', 'fine_date': '2024-07-17T00:00:00', 'is_paid': False, 'paid_date': None, 'total_expected_amount': 1100}}
2024-07-18 13:44:25,046 - root - WARNING - =====================
